INFO    : PreTeXt project found in `/Users/bmiller/Runestone/books/InstructorGuide`.
WARNING : Using CLI version 2.0.1 but project's `requirements.txt`
WARNING : is configured to use 1.0.1. Consider either installing
WARNING : CLI version 1.0.1 or changing `requirements.txt` to match 2.0.1.
INFO    : Since no target was supplied, we will use "web".

INFO    : downloading YouTube thumbnails from /Users/bmiller/Runestone/books/InstructorGuide/pretext/main.ptx for placement in /Users/bmiller/Runestone/books/InstructorGuide/generated-assets/youtube
INFO    : XSL conversion of /Users/bmiller/Runestone/books/InstructorGuide/pretext/main.ptx by /Users/bmiller/.ptx/xsl/extract-youtube.xsl
INFO    : comprehensive messages, warnings, and errors:
INFO    : successful application of /Users/bmiller/.ptx/xsl/extract-youtube.xsl
INFO    : downloading http://i.ytimg.com/vi/t78ktTWrGkc/default.jpg as /Users/bmiller/Runestone/books/InstructorGuide/generated-assets/youtube/create_course_vid.jpg...
INFO    : YouTube thumbnail download complete
INFO    : downloading YouTube thumbnails from /Users/bmiller/Runestone/books/InstructorGuide/pretext/main.ptx for placement in /Users/bmiller/Runestone/books/InstructorGuide/generated-assets/youtube
INFO    : XSL conversion of /Users/bmiller/Runestone/books/InstructorGuide/pretext/main.ptx by /Users/bmiller/.ptx/xsl/extract-youtube.xsl
INFO    : comprehensive messages, warnings, and errors:
INFO    : successful application of /Users/bmiller/.ptx/xsl/extract-youtube.xsl
INFO    : downloading http://i.ytimg.com/vi/RJ-bYYjKbTU/default.jpg as /Users/bmiller/Runestone/books/InstructorGuide/generated-assets/youtube/register_vid.jpg...
INFO    : YouTube thumbnail download complete
INFO    : downloading YouTube thumbnails from /Users/bmiller/Runestone/books/InstructorGuide/pretext/main.ptx for placement in /Users/bmiller/Runestone/books/InstructorGuide/generated-assets/youtube
INFO    : XSL conversion of /Users/bmiller/Runestone/books/InstructorGuide/pretext/main.ptx by /Users/bmiller/.ptx/xsl/extract-youtube.xsl
INFO    : comprehensive messages, warnings, and errors:
INFO    : successful application of /Users/bmiller/.ptx/xsl/extract-youtube.xsl
INFO    : downloading http://i.ytimg.com/vi/oeGwKLNLI-Y/default.jpg as /Users/bmiller/Runestone/books/InstructorGuide/generated-assets/youtube/interfaceintro.jpg...
INFO    : YouTube thumbnail download complete
INFO    : downloading YouTube thumbnails from /Users/bmiller/Runestone/books/InstructorGuide/pretext/main.ptx for placement in /Users/bmiller/Runestone/books/InstructorGuide/generated-assets/youtube
INFO    : XSL conversion of /Users/bmiller/Runestone/books/InstructorGuide/pretext/main.ptx by /Users/bmiller/.ptx/xsl/extract-youtube.xsl
INFO    : comprehensive messages, warnings, and errors:
INFO    : successful application of /Users/bmiller/.ptx/xsl/extract-youtube.xsl
INFO    : downloading http://i.ytimg.com/vi/10lRHVSk11c/default.jpg as /Users/bmiller/Runestone/books/InstructorGuide/generated-assets/youtube/yt_10lRHVSk11c.jpg...
INFO    : YouTube thumbnail download complete
INFO    : downloading YouTube thumbnails from /Users/bmiller/Runestone/books/InstructorGuide/pretext/main.ptx for placement in /Users/bmiller/Runestone/books/InstructorGuide/generated-assets/youtube
INFO    : XSL conversion of /Users/bmiller/Runestone/books/InstructorGuide/pretext/main.ptx by /Users/bmiller/.ptx/xsl/extract-youtube.xsl
INFO    : comprehensive messages, warnings, and errors:
INFO    : successful application of /Users/bmiller/.ptx/xsl/extract-youtube.xsl
INFO    : downloading http://i.ytimg.com/vi/h45c7_wIgGA/default.jpg as /Users/bmiller/Runestone/books/InstructorGuide/generated-assets/youtube/h45c7_wIgGA.jpg...
INFO    : YouTube thumbnail download complete
INFO    : downloading YouTube thumbnails from /Users/bmiller/Runestone/books/InstructorGuide/pretext/main.ptx for placement in /Users/bmiller/Runestone/books/InstructorGuide/generated-assets/youtube
INFO    : XSL conversion of /Users/bmiller/Runestone/books/InstructorGuide/pretext/main.ptx by /Users/bmiller/.ptx/xsl/extract-youtube.xsl
INFO    : comprehensive messages, warnings, and errors:
INFO    : successful application of /Users/bmiller/.ptx/xsl/extract-youtube.xsl
INFO    : downloading http://i.ytimg.com/vi/ArghLTeeSvc/default.jpg as /Users/bmiller/Runestone/books/InstructorGuide/generated-assets/youtube/ArghLTeeSvc.jpg...
INFO    : YouTube thumbnail download complete
INFO    : downloading YouTube thumbnails from /Users/bmiller/Runestone/books/InstructorGuide/pretext/main.ptx for placement in /Users/bmiller/Runestone/books/InstructorGuide/generated-assets/youtube
INFO    : XSL conversion of /Users/bmiller/Runestone/books/InstructorGuide/pretext/main.ptx by /Users/bmiller/.ptx/xsl/extract-youtube.xsl
INFO    : comprehensive messages, warnings, and errors:
INFO    : successful application of /Users/bmiller/.ptx/xsl/extract-youtube.xsl
INFO    : downloading http://i.ytimg.com/vi/bP75MZYe2uU/default.jpg as /Users/bmiller/Runestone/books/InstructorGuide/generated-assets/youtube/bP75MZYe2uU.jpg...
INFO    : YouTube thumbnail download complete
INFO    : downloading YouTube thumbnails from /Users/bmiller/Runestone/books/InstructorGuide/pretext/main.ptx for placement in /Users/bmiller/Runestone/books/InstructorGuide/generated-assets/youtube
INFO    : XSL conversion of /Users/bmiller/Runestone/books/InstructorGuide/pretext/main.ptx by /Users/bmiller/.ptx/xsl/extract-youtube.xsl
INFO    : comprehensive messages, warnings, and errors:
INFO    : successful application of /Users/bmiller/.ptx/xsl/extract-youtube.xsl
INFO    : downloading http://i.ytimg.com/vi/l84cb4wtM8g/default.jpg as /Users/bmiller/Runestone/books/InstructorGuide/generated-assets/youtube/l84cb4wtM8g.jpg...
INFO    : YouTube thumbnail download complete
INFO    : downloading YouTube thumbnails from /Users/bmiller/Runestone/books/InstructorGuide/pretext/main.ptx for placement in /Users/bmiller/Runestone/books/InstructorGuide/generated-assets/youtube
INFO    : XSL conversion of /Users/bmiller/Runestone/books/InstructorGuide/pretext/main.ptx by /Users/bmiller/.ptx/xsl/extract-youtube.xsl
INFO    : comprehensive messages, warnings, and errors:
INFO    : successful application of /Users/bmiller/.ptx/xsl/extract-youtube.xsl
INFO    : downloading http://i.ytimg.com/vi/QWX1eIpDBe0/default.jpg as /Users/bmiller/Runestone/books/InstructorGuide/generated-assets/youtube/QWX1eIpDBe0.jpg...
INFO    : YouTube thumbnail download complete
INFO    : Generating generic video preview, aka "play button" into /Users/bmiller/Runestone/books/InstructorGuide/generated-assets/play-button
INFO    : manufacturing QR codes from /Users/bmiller/Runestone/books/InstructorGuide/pretext/main.ptx for placement in /Users/bmiller/Runestone/books/InstructorGuide/generated-assets/qrcode
INFO    : XSL conversion of /Users/bmiller/Runestone/books/InstructorGuide/pretext/main.ptx by /Users/bmiller/.ptx/xsl/extract-qrcode.xsl
INFO    : comprehensive messages, warnings, and errors:
INFO    : successful application of /Users/bmiller/.ptx/xsl/extract-qrcode.xsl
INFO    : creating URL with content "https://www.youtube.com/watch?v=RJ-bYYjKbTU" as /Users/bmiller/Runestone/books/InstructorGuide/generated-assets/qrcode/register_vid.png...
INFO    : QR code creation complete
INFO    : manufacturing QR codes from /Users/bmiller/Runestone/books/InstructorGuide/pretext/main.ptx for placement in /Users/bmiller/Runestone/books/InstructorGuide/generated-assets/qrcode
INFO    : XSL conversion of /Users/bmiller/Runestone/books/InstructorGuide/pretext/main.ptx by /Users/bmiller/.ptx/xsl/extract-qrcode.xsl
INFO    : comprehensive messages, warnings, and errors:
INFO    : successful application of /Users/bmiller/.ptx/xsl/extract-qrcode.xsl
INFO    : creating URL with content "https://www.youtube.com/watch?v=QWX1eIpDBe0" as /Users/bmiller/Runestone/books/InstructorGuide/generated-assets/qrcode/QWX1eIpDBe0.png...
INFO    : QR code creation complete
INFO    : manufacturing QR codes from /Users/bmiller/Runestone/books/InstructorGuide/pretext/main.ptx for placement in /Users/bmiller/Runestone/books/InstructorGuide/generated-assets/qrcode
INFO    : XSL conversion of /Users/bmiller/Runestone/books/InstructorGuide/pretext/main.ptx by /Users/bmiller/.ptx/xsl/extract-qrcode.xsl
INFO    : comprehensive messages, warnings, and errors:
INFO    : successful application of /Users/bmiller/.ptx/xsl/extract-qrcode.xsl
INFO    : creating URL with content "https://www.youtube.com/watch?v=ArghLTeeSvc" as /Users/bmiller/Runestone/books/InstructorGuide/generated-assets/qrcode/ArghLTeeSvc.png...
INFO    : QR code creation complete
INFO    : manufacturing QR codes from /Users/bmiller/Runestone/books/InstructorGuide/pretext/main.ptx for placement in /Users/bmiller/Runestone/books/InstructorGuide/generated-assets/qrcode
INFO    : XSL conversion of /Users/bmiller/Runestone/books/InstructorGuide/pretext/main.ptx by /Users/bmiller/.ptx/xsl/extract-qrcode.xsl
INFO    : comprehensive messages, warnings, and errors:
INFO    : successful application of /Users/bmiller/.ptx/xsl/extract-qrcode.xsl
INFO    : creating URL with content "https://www.youtube.com/watch?v=t78ktTWrGkc" as /Users/bmiller/Runestone/books/InstructorGuide/generated-assets/qrcode/create_course_vid.png...
INFO    : QR code creation complete
INFO    : manufacturing QR codes from /Users/bmiller/Runestone/books/InstructorGuide/pretext/main.ptx for placement in /Users/bmiller/Runestone/books/InstructorGuide/generated-assets/qrcode
INFO    : XSL conversion of /Users/bmiller/Runestone/books/InstructorGuide/pretext/main.ptx by /Users/bmiller/.ptx/xsl/extract-qrcode.xsl
INFO    : comprehensive messages, warnings, and errors:
INFO    : successful application of /Users/bmiller/.ptx/xsl/extract-qrcode.xsl
INFO    : creating URL with content "https://www.youtube.com/watch?v=h45c7_wIgGA" as /Users/bmiller/Runestone/books/InstructorGuide/generated-assets/qrcode/h45c7_wIgGA.png...
INFO    : QR code creation complete
INFO    : manufacturing QR codes from /Users/bmiller/Runestone/books/InstructorGuide/pretext/main.ptx for placement in /Users/bmiller/Runestone/books/InstructorGuide/generated-assets/qrcode
INFO    : XSL conversion of /Users/bmiller/Runestone/books/InstructorGuide/pretext/main.ptx by /Users/bmiller/.ptx/xsl/extract-qrcode.xsl
INFO    : comprehensive messages, warnings, and errors:
INFO    : successful application of /Users/bmiller/.ptx/xsl/extract-qrcode.xsl
INFO    : creating URL with content "https://www.youtube.com/watch?v=10lRHVSk11c" as /Users/bmiller/Runestone/books/InstructorGuide/generated-assets/qrcode/yt_10lRHVSk11c.png...
INFO    : QR code creation complete
INFO    : manufacturing QR codes from /Users/bmiller/Runestone/books/InstructorGuide/pretext/main.ptx for placement in /Users/bmiller/Runestone/books/InstructorGuide/generated-assets/qrcode
INFO    : XSL conversion of /Users/bmiller/Runestone/books/InstructorGuide/pretext/main.ptx by /Users/bmiller/.ptx/xsl/extract-qrcode.xsl
INFO    : comprehensive messages, warnings, and errors:
INFO    : successful application of /Users/bmiller/.ptx/xsl/extract-qrcode.xsl
INFO    : creating URL with content "https://www.youtube.com/watch?v=l84cb4wtM8g" as /Users/bmiller/Runestone/books/InstructorGuide/generated-assets/qrcode/l84cb4wtM8g.png...
INFO    : QR code creation complete
INFO    : manufacturing QR codes from /Users/bmiller/Runestone/books/InstructorGuide/pretext/main.ptx for placement in /Users/bmiller/Runestone/books/InstructorGuide/generated-assets/qrcode
INFO    : XSL conversion of /Users/bmiller/Runestone/books/InstructorGuide/pretext/main.ptx by /Users/bmiller/.ptx/xsl/extract-qrcode.xsl
INFO    : comprehensive messages, warnings, and errors:
INFO    : successful application of /Users/bmiller/.ptx/xsl/extract-qrcode.xsl
INFO    : creating URL with content "https://www.youtube.com/watch?v=oeGwKLNLI-Y" as /Users/bmiller/Runestone/books/InstructorGuide/generated-assets/qrcode/interfaceintro.png...
INFO    : QR code creation complete
INFO    : manufacturing QR codes from /Users/bmiller/Runestone/books/InstructorGuide/pretext/main.ptx for placement in /Users/bmiller/Runestone/books/InstructorGuide/generated-assets/qrcode
INFO    : XSL conversion of /Users/bmiller/Runestone/books/InstructorGuide/pretext/main.ptx by /Users/bmiller/.ptx/xsl/extract-qrcode.xsl
INFO    : comprehensive messages, warnings, and errors:
INFO    : successful application of /Users/bmiller/.ptx/xsl/extract-qrcode.xsl
INFO    : creating URL with content "https://www.youtube.com/watch?v=bP75MZYe2uU" as /Users/bmiller/Runestone/books/InstructorGuide/generated-assets/qrcode/bP75MZYe2uU.png...
INFO    : QR code creation complete
INFO    : Removing temporary directory /var/folders/0n/p9pnz4rn5ldcx_kk2xp757n40000gn/T/tmpat9_3_vm
INFO    : Removing temporary directory /var/folders/0n/p9pnz4rn5ldcx_kk2xp757n40000gn/T/tmpd4tqt1l8
INFO    : Removing temporary directory /var/folders/0n/p9pnz4rn5ldcx_kk2xp757n40000gn/T/tmpd49kon2f
INFO    : Removing temporary directory /var/folders/0n/p9pnz4rn5ldcx_kk2xp757n40000gn/T/tmpo6a_z3r4
INFO    : Removing temporary directory /var/folders/0n/p9pnz4rn5ldcx_kk2xp757n40000gn/T/tmp01_ykfuz
INFO    : Removing temporary directory /var/folders/0n/p9pnz4rn5ldcx_kk2xp757n40000gn/T/tmp4o3_rg0o
INFO    : Removing temporary directory /var/folders/0n/p9pnz4rn5ldcx_kk2xp757n40000gn/T/tmplfonzgw8
INFO    : Removing temporary directory /var/folders/0n/p9pnz4rn5ldcx_kk2xp757n40000gn/T/tmpdnovo032
INFO    : Removing temporary directory /var/folders/0n/p9pnz4rn5ldcx_kk2xp757n40000gn/T/tmp0jtjvnkf
INFO    : Removing temporary directory /var/folders/0n/p9pnz4rn5ldcx_kk2xp757n40000gn/T/tmpqm_prrs5
INFO    : Removing temporary directory /var/folders/0n/p9pnz4rn5ldcx_kk2xp757n40000gn/T/tmp_cn6mrw6
INFO    : Removing temporary directory /var/folders/0n/p9pnz4rn5ldcx_kk2xp757n40000gn/T/tmpfpr29uam
INFO    : Removing temporary directory /var/folders/0n/p9pnz4rn5ldcx_kk2xp757n40000gn/T/tmp2kxz32o_
INFO    : Removing temporary directory /var/folders/0n/p9pnz4rn5ldcx_kk2xp757n40000gn/T/tmpf061wfgj
INFO    : Removing temporary directory /var/folders/0n/p9pnz4rn5ldcx_kk2xp757n40000gn/T/tmpsl6mkpte
INFO    : Removing temporary directory /var/folders/0n/p9pnz4rn5ldcx_kk2xp757n40000gn/T/tmp3dp0kmlt
INFO    : Removing temporary directory /var/folders/0n/p9pnz4rn5ldcx_kk2xp757n40000gn/T/tmprsyyb_8m
INFO    : Removing temporary directory /var/folders/0n/p9pnz4rn5ldcx_kk2xp757n40000gn/T/tmprp_rafl8
INFO    : Preparing to build into /Users/bmiller/Runestone/books/InstructorGuide/output/web.
INFO    : discovering source file's directory name: /Users/bmiller/Runestone/books/InstructorGuide/pretext
INFO    : verifying and expanding input directory: /Users/bmiller/Runestone/books/InstructorGuide/pretext/../generated-assets
INFO    : input directory expanded to absolute path: /Users/bmiller/Runestone/books/InstructorGuide/generated-assets
INFO    : verifying and expanding input directory: /Users/bmiller/Runestone/books/InstructorGuide/pretext/../assets
INFO    : input directory expanded to absolute path: /Users/bmiller/Runestone/books/InstructorGuide/assets
INFO    : Runestone Services (via PreTeXt repository): version 7.1.2
INFO    : Runestone Services (using newer, via online CDN query): version 7.1.4
INFO    : converting /Users/bmiller/Runestone/books/InstructorGuide/pretext/main.ptx to HTML in /var/folders/0n/p9pnz4rn5ldcx_kk2xp757n40000gn/T/tmpam3gebfo
INFO    : XSL conversion of /Users/bmiller/Runestone/books/InstructorGuide/pretext/main.ptx by /Users/bmiller/.ptx/xsl/pretext-html.xsl
INFO    : comprehensive messages, warnings, and errors:
INFO    : successful application of /Users/bmiller/.ptx/xsl/pretext-html.xsl
INFO    : 
Success! Run `pretext view` to see the results.

