INFO    : PreTeXt project found in `/Users/bmiller/Runestone/books/InstructorGuide`.
WARNING : Using CLI version 2.3.8 but project's `requirements.txt`
WARNING : is configured to use 1.0.1. Consider either installing
WARNING : CLI version 1.0.1 or running `pretext init --refresh`
WARNING : to update `requirements.txt` to match 2.3.8.
INFO    : Since no target was supplied, we will use "web".

INFO    : Preparing to build into /Users/bmiller/Runestone/books/InstructorGuide/output/web.
INFO    : discovering source file's directory name: /Users/bmiller/Runestone/books/InstructorGuide/pretext
INFO    : verifying and expanding input directory: /Users/bmiller/Runestone/books/InstructorGuide/pretext/../generated-assets
INFO    : input directory expanded to absolute path: /Users/bmiller/Runestone/books/InstructorGuide/generated-assets
INFO    : verifying and expanding input directory: /Users/bmiller/Runestone/books/InstructorGuide/pretext/../assets
INFO    : input directory expanded to absolute path: /Users/bmiller/Runestone/books/InstructorGuide/assets
INFO    : Runestone Services (via PreTeXt repository): version 7.2.9
INFO    : Runestone Services (using newer, via online CDN query): version 7.4.0
INFO    : converting /Users/bmiller/Runestone/books/InstructorGuide/pretext/main.ptx to HTML in /var/folders/0n/p9pnz4rn5ldcx_kk2xp757n40000gn/T/tmpquek1s6h
INFO    : XSL conversion of /Users/bmiller/Runestone/books/InstructorGuide/pretext/main.ptx by /Users/bmiller/.ptx/xsl/pretext-html.xsl
INFO    : comprehensive messages, warnings, and errors:
INFO    : successful application of /Users/bmiller/.ptx/xsl/pretext-html.xsl
INFO    : 
Success! Run `pretext view` to see the results.

